<?xml version="1.0" encoding="UTF-8"?>
<!-- Generated by org.testng.reporters.JUnitReportReporter -->
<testsuite hostname="LAPTOP-NL9THB97" failures="0" tests="1" name="Reporting_tools.Log4j_console" time="0.487" errors="0" timestamp="2023-05-28T22:01:35 IST" skipped="0">
  <testcase classname="Reporting_tools.Log4j_console" name="test1" time="0.487"/>
  <system-out/>
</testsuite> <!-- Reporting_tools.Log4j_console -->
