<?xml version="1.0" encoding="UTF-8"?>
<!-- Generated by org.testng.reporters.JUnitReportReporter -->
<testsuite hostname="LAPTOP-NL9THB97" failures="0" tests="1" name="Reporting_tools.Extent_reprts" time="3.697" errors="0" timestamp="2023-05-28T21:38:09 IST" skipped="0">
  <testcase classname="Reporting_tools.Extent_reprts" name="test1" time="3.697"/>
  <system-out/>
</testsuite> <!-- Reporting_tools.Extent_reprts -->
